2023-11-19 22:29:05.780  INFO 22620 --- [main] com.example.Application                  : Starting Application on LAPTOP-TS5R94B2 with PID 22620 (started by 21006 in D:\IDEA\软件项目管理课程实验\管理系统)
2023-11-19 22:29:05.786  INFO 22620 --- [main] com.example.Application                  : No active profile set, falling back to default profiles: default
2023-11-19 22:29:06.249  WARN 22620 --- [main] o.m.s.mapper.ClassPathMapperScanner      : No MyBatis mapper was found in '[com.example]' package. Please check your configuration.
2023-11-19 22:29:06.667  INFO 22620 --- [main] o.s.b.w.embedded.tomcat.TomcatWebServer  : Tomcat initialized with port(s): 8888 (http)
2023-11-19 22:29:06.679  INFO 22620 --- [main] o.apache.catalina.core.StandardService   : Starting service [Tomcat]
2023-11-19 22:29:06.680  INFO 22620 --- [main] org.apache.catalina.core.StandardEngine  : Starting Servlet Engine: Apache Tomcat/9.0.12
2023-11-19 22:29:06.684  INFO 22620 --- [main] o.a.catalina.core.AprLifecycleListener   : Loaded APR based Apache Tomcat Native library [1.2.36] using APR version [1.7.2].
2023-11-19 22:29:06.685  INFO 22620 --- [main] o.a.catalina.core.AprLifecycleListener   : APR capabilities: IPv6 [true], sendfile [true], accept filters [false], random [true].
2023-11-19 22:29:06.685  INFO 22620 --- [main] o.a.catalina.core.AprLifecycleListener   : APR/OpenSSL configuration: useAprConnector [false], useOpenSSL [true]
2023-11-19 22:29:06.688  INFO 22620 --- [main] o.a.catalina.core.AprLifecycleListener   : OpenSSL successfully initialized [OpenSSL 1.1.1t  7 Feb 2023]
2023-11-19 22:29:06.798  INFO 22620 --- [main] o.a.c.c.C.[Tomcat].[localhost].[/]       : Initializing Spring embedded WebApplicationContext
2023-11-19 22:29:06.798  INFO 22620 --- [main] o.s.web.context.ContextLoader            : Root WebApplicationContext: initialization completed in 975 ms
2023-11-19 22:29:06.819  INFO 22620 --- [main] o.s.b.w.servlet.ServletRegistrationBean  : Servlet dispatcherServlet mapped to [/]
2023-11-19 22:29:06.823  INFO 22620 --- [main] o.s.b.w.servlet.FilterRegistrationBean   : Mapping filter: 'characterEncodingFilter' to: [/*]
2023-11-19 22:29:06.823  INFO 22620 --- [main] o.s.b.w.servlet.FilterRegistrationBean   : Mapping filter: 'hiddenHttpMethodFilter' to: [/*]
2023-11-19 22:29:06.823  INFO 22620 --- [main] o.s.b.w.servlet.FilterRegistrationBean   : Mapping filter: 'formContentFilter' to: [/*]
2023-11-19 22:29:06.823  INFO 22620 --- [main] o.s.b.w.servlet.FilterRegistrationBean   : Mapping filter: 'requestContextFilter' to: [/*]
2023-11-19 22:29:07.255  INFO 22620 --- [main] o.s.s.concurrent.ThreadPoolTaskExecutor  : Initializing ExecutorService 'applicationTaskExecutor'
2023-11-19 22:29:07.331  WARN 22620 --- [main] ion$DefaultTemplateResolverConfiguration : Cannot find template location: classpath:/templates/ (please add some templates or check your Thymeleaf configuration)
2023-11-19 22:29:07.461  INFO 22620 --- [main] o.s.b.w.embedded.tomcat.TomcatWebServer  : Tomcat started on port(s): 8888 (http) with context path ''
2023-11-19 22:29:07.464  INFO 22620 --- [main] com.example.Application                  : Started Application in 1.96 seconds (JVM running for 3.532)
2023-11-19 22:29:07.465  INFO 22620 --- [main] com.example.common.config.OpenBrowser    : 项目启动成功……
2023-11-19 22:29:08.159  INFO 22620 --- [http-nio-8888-exec-1] o.a.c.c.C.[Tomcat].[localhost].[/]       : Initializing Spring DispatcherServlet 'dispatcherServlet'
2023-11-19 22:29:08.159  INFO 22620 --- [http-nio-8888-exec-1] o.s.web.servlet.DispatcherServlet        : Initializing Servlet 'dispatcherServlet'
2023-11-19 22:29:08.164  INFO 22620 --- [http-nio-8888-exec-1] o.s.web.servlet.DispatcherServlet        : Completed initialization in 5 ms
2023-11-19 22:29:18.847  INFO 22620 --- [http-nio-8888-exec-2] com.zaxxer.hikari.HikariDataSource       : HikariPool-1 - Starting...
2023-11-19 22:29:18.937  INFO 22620 --- [http-nio-8888-exec-2] com.zaxxer.hikari.HikariDataSource       : HikariPool-1 - Start completed.
2023-11-19 22:31:12.166  INFO 22620 --- [Thread-6] o.s.s.concurrent.ThreadPoolTaskExecutor  : Shutting down ExecutorService 'applicationTaskExecutor'
2023-11-19 22:31:12.167  INFO 22620 --- [Thread-6] com.zaxxer.hikari.HikariDataSource       : HikariPool-1 - Shutdown initiated...
2023-11-19 22:31:12.174  INFO 22620 --- [Thread-6] com.zaxxer.hikari.HikariDataSource       : HikariPool-1 - Shutdown completed.
